2015-06-14 6:13:14 - DEBUG --> Request: {"applicationId":"APP_013169","password":"ee0364803d67c2752aad888bb1592878","subscriberId":"tel:AZ110HLLpAHLMKnwYJQS0IfNsF8oIs4b78D1bMKYC1GWdC9FcUoTNUSKBefuLmGjMXbJX","serviceType":"IMMEDIATE","responseTime":"DELAY_TOLERANCE","freshness":"LOW","horizontalAccuracy":"1000"} 
2015-06-14 6:13:15 - DEBUG --> Response:{"statusCode":"S1000","timeStamp":"20150614061315","subscriberState":true,"statusDetail":"Success","horizontalAccuracy":"1000.0","longitude":"79.856194","freshness":"0.0","latitude":"6.882278","messageId":"101506140613151385","version":"1.0"} 
2015-06-14 6:17:40 - DEBUG --> Request: {"applicationId":"APP_013169","password":"ee0364803d67c2752aad888bb1592878","subscriberId":"tel:AZ110HLLpAHLMKnwYJQS0IfNsF8oIs4b78D1bMKYC1GWdC9FcUoTNUSKBefuLmGjMXbJX","serviceType":"IMMEDIATE","responseTime":"DELAY_TOLERANCE","freshness":"LOW","horizontalAccuracy":"1000"} 
2015-06-14 6:17:41 - DEBUG --> Response:{"statusCode":"S1000","timeStamp":"20150614061741","subscriberState":true,"statusDetail":"Success","horizontalAccuracy":"1000.0","longitude":"79.856194","freshness":"0.0","latitude":"6.882278","messageId":"101506140617406463","version":"1.0"} 
2015-06-14 6:47:47 - DEBUG --> Request: {"applicationId":"APP_013169","password":"ee0364803d67c2752aad888bb1592878","subscriberId":"tel:AZ110HLLpAHLMKnwYJQS0IfNsF8oIs4b78D1bMKYC1GWdC9FcUoTNUSKBefuLmGjMXbJX","serviceType":"IMMEDIATE","responseTime":"DELAY_TOLERANCE","freshness":"LOW","horizontalAccuracy":"1000"} 
2015-06-14 6:47:49 - DEBUG --> Response:{"statusCode":"S1000","timeStamp":"20150614064748","subscriberState":true,"statusDetail":"Success","horizontalAccuracy":"1000.0","longitude":"79.856194","freshness":"0.0","latitude":"6.882278","messageId":"101506140647481225","version":"1.0"} 
2015-06-14 7:50:50 - DEBUG --> Request: {"applicationId":"APP_013169","password":"ee0364803d67c2752aad888bb1592878","subscriberId":"tel:AZ110HLLpAHLMKnwYJQS0IfNsF8oIs4b78D1bMKYC1GWdC9FcUoTNUSKBefuLmGjMXbJX","serviceType":"IMMEDIATE","responseTime":"DELAY_TOLERANCE","freshness":"LOW","horizontalAccuracy":"1000"} 
2015-06-14 7:50:51 - DEBUG --> Response:{"statusCode":"S1000","timeStamp":"20150614075051","subscriberState":true,"statusDetail":"Success","horizontalAccuracy":"1000.0","longitude":"79.856194","freshness":"0.0","latitude":"6.882278","messageId":"101506140750511043","version":"1.0"} 
2015-06-14 8:18:40 - DEBUG --> Request: {"applicationId":"APP_013169","password":"ee0364803d67c2752aad888bb1592878","subscriberId":"tel:AZ110HLLpAHLMKnwYJQS0IfNsF8oIs4b78D1bMKYC1GWdC9FcUoTNUSKBefuLmGjMXbJX","serviceType":"IMMEDIATE","responseTime":"DELAY_TOLERANCE","freshness":"LOW","horizontalAccuracy":"1000"} 
2015-06-14 8:18:41 - DEBUG --> Response:{"statusCode":"S1000","timeStamp":"20150614081841","subscriberState":true,"statusDetail":"Success","horizontalAccuracy":"1000.0","longitude":"79.856194","freshness":"0.0","latitude":"6.882278","messageId":"101506140818415575","version":"1.0"} 
2015-06-14 8:30:51 - DEBUG --> Request: {"applicationId":"APP_013169","password":"ee0364803d67c2752aad888bb1592878","subscriberId":"tel:B%3C4daplYzRv4VqjRZ5+roQNu2KoCsBSo2r4XW+zPS6AFTxUTyzdkTOahMKWuXp1+QRb","serviceType":"IMMEDIATE","responseTime":"DELAY_TOLERANCE","freshness":"LOW","horizontalAccuracy":"1000"} 
2015-06-14 8:30:53 - DEBUG --> Response:{"statusCode":"S1000","timeStamp":"20150614083053","subscriberState":true,"statusDetail":"Success","horizontalAccuracy":"1000.0","longitude":"79.856194","freshness":"0.0","latitude":"6.882278","messageId":"101506140830521170","version":"1.0"} 
2015-06-14 8:36:02 - DEBUG --> Request: {"applicationId":"APP_013169","password":"ee0364803d67c2752aad888bb1592878","subscriberId":"tel:B%3C4daplYzRv4VqjRZ5+roQNu2KoCsBSo2r4XW+zPS6AFTxUTyzdkTOahMKWuXp1+QRb","serviceType":"IMMEDIATE","responseTime":"DELAY_TOLERANCE","freshness":"LOW","horizontalAccuracy":"1000"} 
2015-06-14 8:36:03 - DEBUG --> Response:{"statusCode":"S1000","timeStamp":"20150614083603","subscriberState":true,"statusDetail":"Success","horizontalAccuracy":"1000.0","longitude":"79.856194","freshness":"0.0","latitude":"6.882278","messageId":"101506140836027513","version":"1.0"} 
2015-06-14 10:43:36 - DEBUG --> Request: {"applicationId":"APP_013169","password":"ee0364803d67c2752aad888bb1592878","subscriberId":"tel:B%3C4daplYzRv4VqjRZ5+roQNu2KoCsBSo2r4XW+zPS6AFTxUTyzdkTOahMKWuXp1+QRb","serviceType":"IMMEDIATE","responseTime":"DELAY_TOLERANCE","freshness":"LOW","horizontalAccuracy":"1000"} 
2015-06-14 10:43:38 - DEBUG --> Response:{"statusCode":"S1000","timeStamp":"20150614104338","subscriberState":true,"statusDetail":"Success","horizontalAccuracy":"1000.0","longitude":"79.856194","freshness":"0.0","latitude":"6.882278","messageId":"101506141043370292","version":"1.0"} 
2015-06-14 10:45:43 - DEBUG --> Request: {"applicationId":"APP_013169","password":"ee0364803d67c2752aad888bb1592878","subscriberId":"tel:B%3C4daplYzRv4VqjRZ5+roQNu2KoCsBSo2r4XW+zPS6AFTxUTyzdkTOahMKWuXp1+QRb","serviceType":"IMMEDIATE","responseTime":"DELAY_TOLERANCE","freshness":"LOW","horizontalAccuracy":"1000"} 
2015-06-14 10:45:44 - DEBUG --> Response:{"statusCode":"S1000","timeStamp":"20150614104544","subscriberState":true,"statusDetail":"Success","horizontalAccuracy":"1000.0","longitude":"79.856194","freshness":"0.0","latitude":"6.882278","messageId":"101506141045442031","version":"1.0"} 
2015-06-14 11:26:08 - DEBUG --> Request: {"applicationId":"APP_013169","password":"ee0364803d67c2752aad888bb1592878","subscriberId":"tel:B%3C4daplYzRv4VqjRZ5+roQNu2KoCsBSo2r4XW+zPS6AFTxUTyzdkTOahMKWuXp1+QRb","serviceType":"IMMEDIATE","responseTime":"DELAY_TOLERANCE","freshness":"LOW","horizontalAccuracy":"1000"} 
2015-06-14 11:26:09 - DEBUG --> Response:{"statusCode":"S1000","timeStamp":"20150614112609","subscriberState":true,"statusDetail":"Success","horizontalAccuracy":"1000.0","longitude":"79.856194","freshness":"0.0","latitude":"6.882278","messageId":"101506141126098973","version":"1.0"} 
2015-06-14 11:44:43 - DEBUG --> Request: {"applicationId":"APP_013169","password":"ee0364803d67c2752aad888bb1592878","subscriberId":"tel:AZ110dZo+G+ZuJQKFwEu\/NWWUILq4g9HSkVAf6Ezmz2NvyqQlfYnEJylTNyJ\/8sftTjUt","serviceType":"IMMEDIATE","responseTime":"DELAY_TOLERANCE","freshness":"LOW","horizontalAccuracy":"1000"} 
2015-06-14 11:44:44 - DEBUG --> Response:{"statusCode":"E1365","statusDetail":"Subscriber is not registered to use this application","messageId":"101506141144440839","version":"1.0"} 
2015-06-14 11:44:47 - DEBUG --> Request: {"applicationId":"APP_013169","password":"ee0364803d67c2752aad888bb1592878","subscriberId":"tel:AZ110JmqP0+XHkb7YRtNh51royZADuCRR7UgBYIdfKvVupueHEutVNh0fVzfhJoNsimxa","serviceType":"IMMEDIATE","responseTime":"DELAY_TOLERANCE","freshness":"LOW","horizontalAccuracy":"1000"} 
2015-06-14 11:44:48 - DEBUG --> Response:{"statusCode":"E1365","statusDetail":"Subscriber is not registered to use this application","messageId":"101506141144471118","version":"1.0"} 
2015-06-15 20:30:48 - DEBUG --> Request: {"applicationId":"APP_013169","password":"ee0364803d67c2752aad888bb1592878","subscriberId":"tel:AZ110VGbOgb4QcvpTW5WuGnr8QaRQOTibFnxlzNFkbfyJxzO0dYZVJ\/gWtLeLJ03gsOlV","serviceType":"IMMEDIATE","responseTime":"DELAY_TOLERANCE","freshness":"LOW","horizontalAccuracy":"1000"} 
2015-06-15 20:30:49 - DEBUG --> Response:{"statusCode":"E1365","statusDetail":"Subscriber is not registered to use this application","messageId":"101506152030498381","version":"1.0"} 
2015-06-15 20:31:32 - DEBUG --> Request: {"applicationId":"APP_013169","password":"ee0364803d67c2752aad888bb1592878","subscriberId":"tel:AZ110VGbOgb4QcvpTW5WuGnr8QaRQOTibFnxlzNFkbfyJxzO0dYZVJ\/gWtLeLJ03gsOlV","serviceType":"IMMEDIATE","responseTime":"DELAY_TOLERANCE","freshness":"LOW","horizontalAccuracy":"1000"} 
2015-06-15 20:31:33 - DEBUG --> Response:{"statusCode":"E1365","statusDetail":"Subscriber is not registered to use this application","messageId":"101506152031338877","version":"1.0"} 
2015-06-30 0:50:18 - DEBUG --> Request: {"applicationId":"APP_013169","password":"ee0364803d67c2752aad888bb1592878","subscriberId":"tel:AZ110HLLpAHLMKnwYJQS0IfNsF8oIs4b78D1bMKYC1GWdC9FcUoTNUSKBefuLmGjMXbJX","serviceType":"IMMEDIATE","responseTime":"DELAY_TOLERANCE","freshness":"LOW","horizontalAccuracy":"1000"} 
2015-06-30 0:50:19 - DEBUG --> Response:{"statusCode":"S1000","timeStamp":"20150630005019","subscriberState":true,"statusDetail":"Success","horizontalAccuracy":"6000.0","longitude":"80.518827","freshness":"0.0","latitude":"8.361347","messageId":"101506300050198122","version":"1.0"} 
2015-06-30 10:11:19 - DEBUG --> Request: {"applicationId":"APP_013169","password":"ee0364803d67c2752aad888bb1592878","subscriberId":"tel:AZ110HLLpAHLMKnwYJQS0IfNsF8oIs4b78D1bMKYC1GWdC9FcUoTNUSKBefuLmGjMXbJX","serviceType":"IMMEDIATE","responseTime":"DELAY_TOLERANCE","freshness":"LOW","horizontalAccuracy":"1000"} 
2015-06-30 10:11:20 - DEBUG --> Response:{"statusCode":"S1000","timeStamp":"20150630101120","subscriberState":true,"statusDetail":"Success","horizontalAccuracy":"5600.0","longitude":"80.518827","freshness":"0.0","latitude":"8.361347","messageId":"101506301011206993","version":"1.0"} 
2015-07-11 22:10:16 - DEBUG --> Request: {"applicationId":"APP_013169","password":"ee0364803d67c2752aad888bb1592878","subscriberId":"tel:AZ110hjRMcYRD9CndDfNnb7c\/ugg1Qbxez2iU9mwMwilh2ELeI1GTiObIiY4Zc07a\/Tj2","serviceType":"IMMEDIATE","responseTime":"DELAY_TOLERANCE","freshness":"LOW","horizontalAccuracy":"1000"} 
2015-07-11 22:10:17 - DEBUG --> Response:{"statusCode":"E1365","statusDetail":"Subscriber is not registered to use this application","messageId":"101507112210170215","version":"1.0"} 
2015-07-12 7:32:23 - DEBUG --> Request: {"applicationId":"APP_013169","password":"ee0364803d67c2752aad888bb1592878","subscriberId":"tel:B%3C49vKXhx7erXspVmXaFVr0PmJ0Pw0Dvlb4z78WIzamp\/vMhesVi+9VBceg9z2c3bca","serviceType":"IMMEDIATE","responseTime":"DELAY_TOLERANCE","freshness":"LOW","horizontalAccuracy":"1000"} 
2015-07-12 7:32:24 - DEBUG --> Response:{"statusCode":"E1365","statusDetail":"Subscriber is not registered to use this application","messageId":"101507120732245212","version":"1.0"} 
2015-07-26 9:36:16 - DEBUG --> Request: {"applicationId":"APP_013169","password":"ee0364803d67c2752aad888bb1592878","subscriberId":"tel:B%3C4xC2tBlzSRE9KSyjkdpGG\/\/lld757q31NcLAcP8r\/X4IZg\/jICM1FfTBTJEY0tiRd","serviceType":"IMMEDIATE","responseTime":"DELAY_TOLERANCE","freshness":"LOW","horizontalAccuracy":"1000"} 
2015-07-26 9:36:17 - DEBUG --> Response:{"statusCode":"E1365","statusDetail":"Subscriber is not registered to use this application","messageId":"101507260936178061","version":"1.0"} 
2015-07-26 9:37:04 - DEBUG --> Request: {"applicationId":"APP_013169","password":"ee0364803d67c2752aad888bb1592878","subscriberId":"tel:B%3C4xC2tBlzSRE9KSyjkdpGG\/\/lld757q31NcLAcP8r\/X4IZg\/jICM1FfTBTJEY0tiRd","serviceType":"IMMEDIATE","responseTime":"DELAY_TOLERANCE","freshness":"LOW","horizontalAccuracy":"1000"} 
2015-07-26 9:37:05 - DEBUG --> Response:{"statusCode":"E1365","statusDetail":"Subscriber is not registered to use this application","messageId":"101507260937052997","version":"1.0"} 
